<?xml version="1.0" encoding="UTF-8"?>
<!-- Generated by org.testng.reporters.JUnitReportReporter -->
<testsuite hostname="DESKTOP-RUC9O5J" failures="0" tests="1" name="Academy.E2EProject.ValidatePractice" time="8.436" errors="0" timestamp="24 Aug 2020 03:05:04 GMT">
  <testcase classname="Academy.E2EProject.ValidatePractice" name="validatePracticePage" time="8.436"/>
</testsuite> <!-- Academy.E2EProject.ValidatePractice -->
