<?xml version="1.0" encoding="UTF-8"?>
<!-- Generated by org.testng.reporters.JUnitReportReporter -->
<testsuite hostname="DESKTOP-RUC9O5J" failures="0" tests="1" name="Academy.E2EProject.ValidateContactForm" time="14.685" errors="0" timestamp="24 Aug 2020 03:05:04 GMT">
  <testcase classname="Academy.E2EProject.ValidateContactForm" name="validateContact" time="14.685"/>
</testsuite> <!-- Academy.E2EProject.ValidateContactForm -->
