<?xml version="1.0" encoding="UTF-8"?>
<!-- Generated by org.testng.reporters.JUnitReportReporter -->
<testsuite hostname="DESKTOP-RUC9O5J" failures="0" tests="2" name="Academy.E2EProject.HomePage" time="19.033" errors="0" timestamp="24 Aug 2020 03:05:04 GMT">
  <testcase classname="Academy.E2EProject.HomePage" name="basePageNavigation" time="4.822"/>
  <testcase classname="Academy.E2EProject.HomePage" name="basePageNavigation" time="14.211"/>
</testsuite> <!-- Academy.E2EProject.HomePage -->
